<?xml version="1.0" encoding="UTF-8"?>
<testng-results skipped="0" failed="0" total="1" passed="1">
  <reporter-output>
  </reporter-output>
  <suite name="Default suite" duration-ms="22395" started-at="2020-01-29T05:44:51Z" finished-at="2020-01-29T05:45:14Z">
    <groups>
    </groups>
    <test name="Default test" duration-ms="22395" started-at="2020-01-29T05:44:51Z" finished-at="2020-01-29T05:45:14Z">
      <class name="com.cjc.Project">
        <test-method status="PASS" signature="chrome()[pri:0, instance:com.cjc.Project@256216b3]" name="chrome" is-config="true" duration-ms="24503" started-at="2020-01-29T11:14:27Z" finished-at="2020-01-29T11:14:51Z">
          <reporter-output>
          </reporter-output>
        </test-method> <!-- chrome -->
        <test-method status="PASS" signature="beforeTest()[pri:0, instance:com.cjc.Project@256216b3]" name="beforeTest" is-config="true" duration-ms="11553" started-at="2020-01-29T11:14:51Z" finished-at="2020-01-29T11:15:03Z">
          <reporter-output>
          </reporter-output>
        </test-method> <!-- beforeTest -->
        <test-method status="PASS" signature="beforeClass()[pri:0, instance:com.cjc.Project@256216b3]" name="beforeClass" is-config="true" duration-ms="1442" started-at="2020-01-29T11:15:03Z" finished-at="2020-01-29T11:15:04Z">
          <reporter-output>
          </reporter-output>
        </test-method> <!-- beforeClass -->
        <test-method status="PASS" signature="login()[pri:0, instance:com.cjc.Project@256216b3]" name="login" duration-ms="9383" started-at="2020-01-29T11:15:04Z" finished-at="2020-01-29T11:15:14Z">
          <reporter-output>
          </reporter-output>
        </test-method> <!-- login -->
      </class> <!-- com.cjc.Project -->
    </test> <!-- Default test -->
  </suite> <!-- Default suite -->
</testng-results>
